Unity Player [version: Unity 5.5.1f1_88d00a7498cd]

Server.exe caused an Access Violation (0xc0000005)
  in module Server.exe at 0023:011ef90a.

Error occurred at 2017-07-11_012152.
C:\Workspace\TCPSandbox\TCPDemo\Builds\Server.exe, run by emily.
40% memory in use.
0 MB physical memory [0 MB free].
0 MB paging file [0 MB free].
0 MB user address space [3581 MB free].
Write to location 00015630 caused an access violation.

Context:
EDI:    0x04364e20  ESI: 0x01119488  EAX:   0x00015680
EBX:    0x000005b4  ECX: 0x022fe894  EDX:   0x01119487
EIP:    0x011ef90a  EBP: 0x022fe874  SegCs: 0x00000023
EFlags: 0x00210206  ESP: 0x022fe870  SegSs: 0x0000002b

Bytes at CS:EIP:
d9 58 b0 d9 41 04 d9 58 b4 d9 41 08 d9 58 b8 d9 

Stack:
0x022fe870: 01119488 022fe8d0 011efe42 00015630 ....../.B...0V..
0x022fe880: 01119488 022fe894 00000010 04364e20 ....../..... N6.
0x022fe890: 00000010 00000000 00000000 00000000 ................
0x022fe8a0: 00000000 00000000 bf800000 ffffffff ................
0x022fe8b0: 00000000 00000000 00000000 00000000 ................
0x022fe8c0: 3f800000 00000000 00000000 bf800000 ...?............
0x022fe8d0: 022feaa4 011f35b1 0044668e 022ff5dc ../..5...fD.../.
0x022fe8e0: 00000000 02999e80 00000030 00000006 ........0.......
0x022fe8f0: 00000000 00000000 02a60000 00089600 ................
0x022fe900: 00000000 00000000 00000000 77d92d7e ............~-.w
0x022fe910: 00000027 77d92d7e 00000000 00000000 '...~-.w........
0x022fe920: 0000000f 00000014 00000000 022fe94c ............L./.
0x022fe930: 00000001 00447000 0044b000 00000027 .....pD...D.'...
0x022fe940: 00000000 0000000f 00000000 00000001 ................
0x022fe950: 013ec054 00000027 18520000 00000000 T.>.'.....R.....
0x022fe960: 00000014 022fe978 013ec0a4 00000014 ....x./...>.....
0x022fe970: 00000010 00000000 18523000 01000000 .........0R.....
0x022fe980: 01ca7b20 180d2030 00c71b7b 180d2030  {..0 ..{...0 ..
0x022fe990: 00000000 0000000c 01ca7b20 00000002 ........ {......
0x022fe9a0: 0044b000 00000101 01000000 00000010 ..D.............
0x022fe9b0: 00800000 3f800000 180df000 01000000 .......?........
0x022fe9c0: 180d2030 00000000 022ff7e8 77dca000 0 ......../....w
0x022fe9d0: dfa138ba fffffffe 022fea2c 77d9095b .8......,./.[..w
0x022fe9e0: 0e3e6db0 01ca7b20 18523040 01ca7b20 .m>. {..@0R. {..
0x022fe9f0: 02a6d6e0 0e3e6a18 00000064 00000000 .....j>.d.......
0x022fea00: 00000012 00000000 02580ca8 77dca000 ..........X....w
0x022fea10: dfa138ba fffffffe 022fea6c 77d9095b .8......l./.[..w
0x022fea20: 0e3e6a50 022fea38 013ea9b7 02a60000 Pj>.8./...>.....
0x022fea30: 00000000 0e3e6da0 022fea44 013ec08f .....m>.D./...>.
0x022fea40: 0e3e6da0 022fea50 00c726a0 0e3e6db0 .m>.P./..&...m>.
0x022fea50: 022fea78 00c71eff 0e3e6db0 00000014 x./......m>.....
0x022fea60: 18523030 004466a3 19b82040 0044668e 00R..fD.@ ...fD.
0x022fea70: 18523001 00000045 022fea90 00c7126d .0R.E...../.m...
0x022fea80: 44188002 43b90003 01ca6910 44188002 ...D...C.i.....D
0x022fea90: 43b90003 00c72c66 41800000 00000028 ...Cf,.....A(...
0x022feaa0: 00000000 022feb38 0121f84e 00000001 ....8./.N.!.....
0x022feab0: 022feb08 04ea9090 ff000000 00000010 ../.............
0x022feac0: 3f800000 3f800000 00000000 00000001 ...?...?........
0x022fead0: 00000000 00000000 00000028 00000000 ........(.......
0x022feae0: 00000000 00000000 00000001 022feb24 ............$./.
0x022feaf0: 022feb2c 00000000 00000000 00000000 ,./.............
0x022feb00: 022fecc0 02999e80 180d2040 00000031 ../.....@ ..1...
0x022feb10: 00000000 00000000 0044668e 0044668f .........fD..fD.
0x022feb20: 00000000 44188000 43b90000 3f000000 .......D...C...?
0x022feb30: 3f000000 1b680000 022febc8 05db4316 ...?..h.../..C..
0x022feb40: 02999e80 1b680000 10e02e90 022fec4c ......h.....L./.
0x022feb50: 00000010 3f800000 3f800000 00000000 .......?...?....
0x022feb60: 00000001 00000000 00000000 00000028 ............(...
0x022feb70: 00000000 00000000 00000000 00000001 ................
0x022feb80: ff000000 43b90000 3f000000 3f000000 .......C...?...?
0x022feb90: 00000000 00000000 022fecc0 ffffffff ........../.....
0x022feba0: 022febc8 059210e0 059212d8 02999e80 ../.............
0x022febb0: 05db4291 05d90228 022ff5dc 02999e80 .B..(...../.....
0x022febc0: 022febc8 05db4284 022fec38 05db426a ../..B..8./.jB..
0x022febd0: 02999e80 1b680000 10e02e90 022fec4c ......h.....L./.
0x022febe0: 00000010 3f800000 3f800000 00000000 .......?...?....
0x022febf0: 00000001 00000000 00000000 00000028 ............(...
0x022fec00: 00000000 00000000 00000000 00000001 ................
0x022fec10: 44188000 43b90000 3f000000 3f000000 ...D...C...?...?
0x022fec20: 00000000 00000000 022fecc0 05db3ad5 ........../..:..
0x022fec30: 022fed7c 022fec7c 022fecc8 05db41c0 |./.|./.../..A..
0x022fec40: 02999e80 1b680000 10e02e90 00000000 ......h.........
0x022fec50: 00000000 00000000 3f800000 00000010 ...........?....
0x022fec60: 3f800000 3f800000 00000000 00000001 ...?...?........
0x022fec70: 00000000 00000000 00000028 00000000 ........(.......
0x022fec80: 00000000 00000000 00000001 44188000 ...............D
0x022fec90: 43b90000 3f000000 3f000000 00000000 ...C...?...?....
0x022feca0: 00000000 022fecc0 00000000 00000000 ....../.........
0x022fecb0: 00000028 00000000 00000000 00000000 (...............
0x022fecc0: 00000000 022ff5dc 022fedf8 05db3f03 ....../.../..?..
0x022fecd0: 02999e80 1b680000 10e02e90 00000000 ......h.........
0x022fece0: 00000000 00000000 3f800000 00000010 ...........?....
0x022fecf0: 3f800000 3f800000 00000000 00000001 ...?...?........
0x022fed00: 00000000 00000000 00000028 00000000 ........(.......
0x022fed10: 00000000 00000000 00000001 44188000 ...............D
0x022fed20: 43b90000 3f000000 3f000000 00000000 ...C...?...?....
0x022fed30: 00000000 022fed78 3f000000 00000000 ....x./....?....
0x022fed40: f40001f5 022fedc0 022fedc8 00000000 ....../.../.....
0x022fed50: 00000000 00000001 00000000 00000000 ................
0x022fed60: 00000000 00000028 00000000 00000000 ....(...........
0x022fed70: 00000001 10e02e90 00000000 10e02e90 ................
0x022fed80: 00000000 00000000 00000000 3f800000 ...............?
0x022fed90: 00000010 3f800000 00000001 3f800000 .......?.......?
0x022feda0: 00000000 00000001 00000000 00000000 ................
0x022fedb0: 00000028 00000000 00000000 00000000 (...............
0x022fedc0: 44188000 43b90000 3f000000 3f000000 ...D...C...?...?
0x022fedd0: 00000000 00000000 00000000 00000000 ................
0x022fede0: 3f800000 44188000 43b90000 3f000000 ...?...D...C...?
0x022fedf0: 3f000000 02999e80 022fef28 05db3ce0 ...?....(./..<..
0x022fee00: 02999e80 1b680000 10e02e90 00000000 ......h.........
0x022fee10: 00000000 00000000 3f800000 00000010 ...........?....
0x022fee20: 3f800000 00000001 3f800000 00000000 ...?.......?....
0x022fee30: 00000001 00000000 00000000 00000028 ............(...
0x022fee40: 00000000 00000000 00000000 44188000 ...............D
0x022fee50: 43b90000 3f000000 3f000000 00000000 ...C...?...?....
0x022fee60: 00000000 00000000 00000000 00000000 ................
0x022fee70: 00000000 00000000 00000000 00000000 ................
0x022fee80: 00000000 00000000 00000000 00000000 ................
0x022fee90: 00000000 00000000 00000000 00000000 ................
0x022feea0: 00000000 00000000 022feec8 05d9df5c ........../.\...
0x022feeb0: 04ea9a00 00000000 00000000 00000000 ................
0x022feec0: 00000000 00000000 10e02e90 00000000 ................
0x022feed0: 00000000 00000000 3f800000 00000010 ...........?....
0x022feee0: 3f800000 00000001 3f800000 00000000 ...?.......?....
0x022feef0: 00000001 00000000 00000000 00000028 ............(...
0x022fef00: 00000000 00000000 00000000 44188000 ...............D
0x022fef10: 43b90000 3f000000 3f000000 00000000 ...C...?...?....
0x022fef20: 029bef50 05d90228 022feff8 05db3b42 P...(...../.B;..
0x022fef30: 02999e80 1b680000 10e02e90 00000000 ......h.........
0x022fef40: 00000000 00000000 3f800000 00000010 ...........?....
0x022fef50: 3f800000 00000001 3f800000 00000000 ...?.......?....
0x022fef60: 00000001 00000000 00000000 00000028 ............(...
0x022fef70: 00000000 00000000 00000000 44188000 ...............D
0x022fef80: 43b90000 3f000000 3f000000 00000000 ...C...?...?....
0x022fef90: 00000010 3f800000 10e02e90 00000000 .......?........
0x022fefa0: 00000000 00000000 3f800000 00000010 ...........?....
0x022fefb0: 3f800000 00000001 3f800000 00000000 ...?.......?....
0x022fefc0: 00000001 00000000 00000000 00000028 ............(...
0x022fefd0: 00000000 00000000 00000000 44188000 ...............D
0x022fefe0: 43b90000 3f000000 3f000000 00000000 ...C...?...?....
0x022feff0: 022ff5dc 05d90228 022ff298 05db2d1d ../.(...../..-..
0x022ff000: 02999e80 1b680000 10e02e90 00000000 ......h.........
0x022ff010: 00000000 00000000 3f800000 00000010 ...........?....
0x022ff020: 3f800000 00000001 3f800000 00000000 ...?.......?....
0x022ff030: 00000001 00000000 00000000 00000028 ............(...
0x022ff040: 00000000 00000000 00000000 44188000 ...............D
0x022ff050: 43b90000 3f000000 3f000000 00000000 ...C...?...?....
0x022ff060: 029b0d60 029bef50 44188000 43b90000 `...P......D...C
0x022ff070: 00000000 00000000 1b680000 02999e80 ..........h.....
0x022ff080: 00000000 00000000 00000000 00000000 ................
0x022ff090: 00000000 00000000 00000000 00000000 ................
0x022ff0a0: 00000000 00000000 00000000 44188000 ...............D
0x022ff0b0: 43b90000 c3988000 c3390000 44188000 ...C......9....D
0x022ff0c0: 43b90000 10e02e90 00000000 00000000 ...C............
0x022ff0d0: 00000000 3f800000 00000010 3f800000 .......?.......?
0x022ff0e0: 00000001 3f800000 00000000 00000001 .......?........
0x022ff0f0: 00000000 00000000 00000028 00000000 ........(.......
0x022ff100: 00000000 00000000 44188000 43b90000 ...........D...C
0x022ff110: 3f000000 3f000000 00000000 00000000 ...?...?........
0x022ff120: 00000000 00000000 00000000 00000000 ................
0x022ff130: 00000000 00000000 00000000 00000000 ................
0x022ff140: 00000000 00000000 00000000 00000000 ................
0x022ff150: 00000000 00000000 00000000 00000000 ................
0x022ff160: 00000000 00000000 00000000 00000000 ................
0x022ff170: 00000000 00000000 00000000 00000000 ................
0x022ff180: 00000000 00000000 00000000 00000000 ................
0x022ff190: 00000000 00000000 00000000 00000000 ................
0x022ff1a0: 00000000 00000000 00000000 00000000 ................
0x022ff1b0: 00000000 00000000 00000000 00000000 ................
0x022ff1c0: 00000000 06af2e40 00000000 00000000 ....@...........
0x022ff1d0: 00000000 022ff228 00000000 00000000 ....(./.........
0x022ff1e0: 022ff1f8 00000020 04388560 01c6e5cc ../. ...`.8.....
0x022ff1f0: 10cd01a8 022ff208 00ecd3c3 10c0f1d0 ....../.........
0x022ff200: 10cd01a8 00000001 022ff234 00ef556d ........4./.mU..
0x022ff210: 029b0d70 00f417a6 022ff258 05db2b07 p.......X./..+..
0x022ff220: 029b0d70 022ff274 022ff248 1002ca75 p...t./.H./.u...
0x022ff230: 022ff258 059210e0 059212d8 029bef50 X./.........P...
0x022ff240: 05db2ae9 05d90228 022ff5dc 029bef50 .*..(...../.P...
0x022ff250: 022ff258 05db2adc 022ff298 05db2a91 X./..*..../..*..
0x022ff260: 029b0d70 022ff274 059212d8 00000000 p...t./.........
0x022ff270: 0001c751 c3988000 c3390000 44188000 Q.........9....D
0x022ff280: 43b90000 00000000 c3988000 029bef50 ...C........P...
0x022ff290: 022ff5dc 05d90228 022ff318 05db2858 ../.(...../.X(..
0x022ff2a0: 029bef50 029cffa0 022ff2c8 1002ca75 P........./.u...
0x022ff2b0: 029a52a0 1002ca7e 029a8c90 00000000 .R..~...........
0x022ff2c0: 00000060 c3988000 c3390000 44188000 `.........9....D
0x022ff2d0: 43b90000 c3988000 c3390000 44188000 ...C......9....D
0x022ff2e0: 43b90000 00000000 022ff308 05d9df5c ...C....../.\...
0x022ff2f0: 04eaa0a0 00000000 022ff318 05d9d5ac ........../.....
0x022ff300: 10e02e90 05d9c744 022ff328 029bef50 ....D...(./.P...
0x022ff310: 022ff5dc 05d90228 022ff338 05db2723 ../.(...8./.#'..
0x022ff320: 029bef50 00000000 022ff348 05da0a14 P.......H./.....
0x022ff330: 022ff358 059210e0 022ff358 05db26d9 X./.....X./..&..
0x022ff340: 029bef50 00000000 022ff5dc 029bef50 P........./.P...
0x022ff350: 022ff358 05db263c 022ff378 05db25a1 X./.<&..x./..%..
0x022ff360: 029bef50 029bef50 019bef50 141645f0 P...P...P....E..
0x022ff370: 022ff5dc 141645f0 022ff3e8 05db1ac4 ../..E..../.....
0x022ff380: 029bef50 00000003 022ff3e8 05db1a7d P........./.}...
0x022ff390: 0299df50 00000000 00000000 141644f0 P............D..
0x022ff3a0: 14164570 00000000 00000000 029bef50 pE..........P...
0x022ff3b0: 00000000 00000003 00000000 00000000 ................
0x022ff3c0: 00000000 00000000 00000003 05d993d1 ................
0x022ff3d0: 0299df50 00000000 022ff3f0 10001e35 P........./.5...
0x022ff3e0: 10c2e0b8 10c2e0b8 022ff408 05db1828 ........../.(...
0x022ff3f0: 029b87f8 10001ddd 05940258 10c2e0b8 ........X.......
0x022ff400: 3f800000 00000000 022ff440 05d90263 ...?....@./.c...
0x022ff410: 022ff428 10001e35 1409b830 1409b830 (./.5...0...0...
0x022ff420: 1409b830 00000000 00000000 10001ddd 0...............
0x022ff430: 05940258 1409b830 022ff440 022ff444 X...0...@./.D./.
0x022ff440: 022ff470 100f173f 00000000 022ff54c p./.?.......L./.
0x022ff450: 022ff5dc 05db1808 00010000 00000004 ../.............
0x022ff460: 1409b830 00000000 02994e70 00000000 0.......pN......
0x022ff470: 022ff494 1005d839 1409b830 00000000 ../.9...0.......
0x022ff480: 022ff54c 022ff5dc 022ff5dc 022ff4ec L./.../.../.../.
0x022ff490: 00000004 022ff4ac 00ecd5fe 1409b830 ....../.....0...
0x022ff4a0: 00000000 022ff54c 022ff5dc 022ff4d4 ....L./.../.../.
0x022ff4b0: 00ef4c2a 1409b830 022ff400 00000000 *L..0...../.....
0x022ff4c0: 022ff4ec 022ff5dc 00000000 0438be90 ../.../.......8.
0x022ff4d0: 778587a0 022ff5e0 0122c54c 022ff5dc ...w../.L.".../.
0x022ff4e0: 00000000 7785bdf0 778587a0 00000000 .......w...w....
0x022ff4f0: 43a00000 43480000 00000000 00000000 ...C..HC........
0x022ff500: 022ff5c0 0122b8ec 00000000 00000000 ../...".........
0x022ff510: 022ff5c0 022ff5d0 0122b8ec 04a20910 ../.../...".....
0x022ff520: 00000000 022ff580 022ff570 022ff540 ....../.p./.@./.
0x022ff530: 0438be94 0436c970 00000000 00000000 ..8.p.6.........
0x022ff540: 3f800000 00000000 00000000 00000000 ...?............
0x022ff550: 00000000 00000000 00000000 00000000 ................
0x022ff560: 00000000 00000000 00000000 00000000 ................
0x022ff570: 00000000 00000000 00000000 3f800000 ...............?
0x022ff580: 43a00000 43480000 00000000 00000000 ...C..HC........
0x022ff590: 43a00000 43480000 00000000 04a20910 ...C..HC........
0x022ff5a0: 00000000 43a00000 43480000 00000000 .......C..HC....
0x022ff5b0: 04ea9a00 1409b830 022ff400 00000000 ....0...../.....
0x022ff5c0: 00000000 00000000 00000000 00000000 ................
0x022ff5d0: 00000000 77850101 778587a0 00000000 .......w...w....
0x022ff5e0: 022ff618 00e13c32 0131814e 01318309 ../.2<..N.1...1.
0x022ff5f0: 00000000 00000001 00050e04 000000ff ................
0x022ff600: 00000001 0a3b0efd 1a44d540 0000008a ......;.@.D.....
0x022ff610: 00000101 000008b4 022ff750 0131aa17 ........P./...1.
0x022ff620: 013f2a7b 00000000 02009000 043639d0 {*?..........96.
0x022ff630: 00c0003f 000003ff 00000000 0000003b ?...........;...
0x022ff640: 0000003f 00000fff 04367b70 7fffffff ?.......p{6.....
0x022ff650: 022ff680 01411323 00000040 0000004f ../.#.A.@...O...
0x022ff660: 0000000f 0000000f 7fffffff 00000000 ................
0x022ff670: 01c83ae0 02a61c28 0000000f 022ff600 .:..(........./.
0x022ff680: 022ff6b0 0140ec6f 02a62948 01bf5b48 ../.o.@.H)..H[..
0x022ff690: 0000000f 022ff6a0 7fffffff 04367cb0 ....../......|6.
0x022ff6a0: 01c83ae0 02a61c28 02a605a8 00000041 .:..(.......A...
0x022ff6b0: 0000004f 0140001e 04363ad0 01bf5b48 O.....@..:6.H[..
0x022ff6c0: 0000000f 00000000 00000032 0000003f ........2...?...
0x022ff6d0: 022ff60c 616e614d 00646567 6c65746e ../.Managed.ntel
0x022ff6e0: 00000000 00000007 0000000f 01bf5b48 ............H[..
0x022ff6f0: 04363a10 04363a48 04363a48 00000016 .:6.H:6.H:6.....
0x022ff700: 04247ec0 65646900 646e6957 6c00776f .~$..ideWindow.l
0x022ff710: 022f006c 00000000 0000000f 00000000 l./.............
0x022ff720: 00000000 65726100 5748746e 0100444e .....arentHWND..
0x022ff730: 02592faa 00000000 0000000f 00000000 ./Y.............
0x022ff740: 04247ec0 04247f00 00000000 00100801 .~$...$.........
0x022ff750: 022ff768 013ba158 00c60000 00000000 h./.X.;.........
0x022ff760: 02592fac 00000001 022ff7f8 013f2a28 ./Y......./.(*?.
0x022ff770: 00c60000 00000000 02592fac 00000001 ........./Y.....
0x022ff780: 4b3c6de8 013f2a7b 013f2a7b 02009000 .m<K{*?.{*?.....
0x022ff790: 00000044 025910de 025910be 0259105a D.....Y...Y.Z.Y.
0x022ff7a0: 00000000 00000000 00000000 00000000 ................
0x022ff7b0: 00000000 00000000 00000000 00000401 ................
0x022ff7c0: 00000001 00000000 00000000 00010001 ................
0x022ff7d0: 00000000 c0000005 013f2a7b 00000000 ........{*?.....
0x022ff7e0: 022ff780 022fde84 022ff844 013f4380 ../.../.D./..C?.
0x022ff7f0: 48d5df80 00000000 022ff80c 775d8744 ...H....../.D.]w
0x022ff800: 02009000 775d8720 7e86b093 022ff854 .... .]w...~T./.
0x022ff810: 77db587d 02009000 aa6a380e 00000000 }X.w.....8j.....
0x022ff820: 00000000 02009000 c0000005 00000000 ................
0x022ff830: 022fde60 7582a130 aa6a380e 022ff818 `./.0..u.8j.../.
0x022ff840: 022fde60 022ff85c 77dca000 dfa0c172 `./.\./....wr...
0x022ff850: 00000000 022ff864 77db584d ffffffff ....d./.MX.w....
0x022ff860: 77dd6336 00000000 00000000 013f2a7b 6c.w........{*?.
0x022ff870: 02009000 00000000 00000000 00000000 ................
0x022ff880: 00000000 00000000 00000000 00000000 ................
0x022ff890: 00000000 00000000 00000000 00000000 ................
0x022ff8a0: 00000000 00000000 00000000 00000000 ................
0x022ff8b0: 00000000 00000000 00000000 00000000 ................
0x022ff8c0: 00000000 00000000 00000000 00000000 ................
0x022ff8d0: 00000000 00000000 00000000 00000000 ................
0x022ff8e0: 00000000 00000000 00000000 00000000 ................
0x022ff8f0: 00000000 00000000 00000000 00000000 ................
0x022ff900: 00000000 00000000 00000000 00000000 ................
0x022ff910: 00000000 00000000 00000000 00000000 ................
0x022ff920: 00000000 00000000 00000000 00000000 ................
0x022ff930: 00000000 00000000 00000000 00000000 ................
0x022ff940: 00000000 00000000 00000000 00000000 ................
0x022ff950: 00000000 00000000 00000000 00000000 ................
0x022ff960: 00000000 00000000 00000000 00000000 ................
0x022ff970: 00000000 00000000 00000000 00000000 ................
0x022ff980: 00000000 00000000 00000000 00000000 ................
0x022ff990: 00000000 00000000 00000000 00000000 ................
0x022ff9a0: 00000000 00000000 00000000 00000000 ................
0x022ff9b0: 00000000 00000000 00000000 00000000 ................
0x022ff9c0: 00000000 00000000 00000000 00000000 ................
0x022ff9d0: 00000000 00000000 00000000 00000000 ................
0x022ff9e0: 00000000 00000000 00000000 00000000 ................
0x022ff9f0: 00000000 00000000 00000000 00000000 ................
0x022ffa00: 00000000 00000000 00000000 00000000 ................
0x022ffa10: 00000000 00000000 00000000 00000000 ................
0x022ffa20: 00000000 00000000 00000000 00000000 ................
0x022ffa30: 00000000 00000000 00000000 00000000 ................
0x022ffa40: 00000000 00000000 00000000 00000000 ................
0x022ffa50: 00000000 00000000 00000000 00000000 ................
0x022ffa60: 00000000 00000000 00000000 00000000 ................
0x022ffa70: 00000000 00000000 00000000 00000000 ................
0x022ffa80: 00000000 00000000 00000000 00000000 ................
0x022ffa90: 00000000 00000000 00000000 00000000 ................
0x022ffaa0: 00000000 00000000 00000000 00000000 ................
0x022ffab0: 00000000 00000000 00000000 00000000 ................
0x022ffac0: 00000000 00000000 00000000 00000000 ................
0x022ffad0: 00000000 00000000 00000000 00000000 ................
0x022ffae0: 00000000 00000000 00000000 00000000 ................
0x022ffaf0: 00000000 00000000 00000000 00000000 ................
0x022ffb00: 00000000 00000000 00000000 00000000 ................
0x022ffb10: 00000000 00000000 00000000 00000000 ................
0x022ffb20: 00000000 00000000 00000000 00000000 ................
0x022ffb30: 00000000 00000000 00000000 00000000 ................
0x022ffb40: 00000000 00000000 00000000 00000000 ................
0x022ffb50: 00000000 00000000 00000000 00000000 ................
0x022ffb60: 00000000 00000000 00000000 00000000 ................
0x022ffb70: 00000000 00000000 00000000 00000000 ................
0x022ffb80: 00000000 00000000 00000000 00000000 ................
0x022ffb90: 00000000 00000000 00000000 00000000 ................
0x022ffba0: 00000000 00000000 00000000 00000000 ................
0x022ffbb0: 00000000 00000000 00000000 00000000 ................
0x022ffbc0: 00000000 00000000 00000000 00000000 ................
0x022ffbd0: 00000000 00000000 00000000 00000000 ................
0x022ffbe0: 00000000 00000000 00000000 00000000 ................
0x022ffbf0: 00000000 00000000 00000000 00000000 ................
0x022ffc00: 00000000 00000000 00000000 00000000 ................
0x022ffc10: 00000000 00000000 00000000 00000000 ................
0x022ffc20: 00000000 00000000 00000000 00000000 ................
0x022ffc30: 00000000 00000000 00000000 00000000 ................
0x022ffc40: 00000000 00000000 00000000 00000000 ................
0x022ffc50: 00000000 00000000 00000000 00000000 ................
0x022ffc60: 00000000 00000000 00000000 00000000 ................
0x022ffc70: 00000000 00000000 00000000 00000000 ................
0x022ffc80: 00000000 00000000 00000000 00000000 ................
0x022ffc90: 00000000 00000000 00000000 00000000 ................
0x022ffca0: 00000000 00000000 00000000 00000000 ................
0x022ffcb0: 00000000 00000000 00000000 00000000 ................
0x022ffcc0: 00000000 00000000 00000000 00000000 ................
0x022ffcd0: 00000000 00000000 00000000 00000000 ................
0x022ffce0: 00000000 00000000 00000000 00000000 ................
0x022ffcf0: 00000000 00000000 00000000 00000000 ................
0x022ffd00: 00000000 00000000 00000000 00000000 ................
0x022ffd10: 00000000 00000000 00000000 00000000 ................
0x022ffd20: 00000000 00000000 00000000 00000000 ................
0x022ffd30: 00000000 00000000 00000000 00000000 ................
0x022ffd40: 00000000 00000000 00000000 00000000 ................
0x022ffd50: 00000000 00000000 00000000 00000000 ................
0x022ffd60: 00000000 00000000 00000000 00000000 ................
0x022ffd70: 00000000 00000000 00000000 00000000 ................
0x022ffd80: 00000000 00000000 00000000 00000000 ................
0x022ffd90: 00000000 00000000 00000000 00000000 ................
0x022ffda0: 00000000 00000000 00000000 00000000 ................
0x022ffdb0: 00000000 00000000 00000000 00000000 ................
0x022ffdc0: 00000000 00000000 00000000 00000000 ................
0x022ffdd0: 00000000 00000000 00000000 00000000 ................
0x022ffde0: 00000000 00000000 00000000 00000000 ................
0x022ffdf0: 00000000 00000000 00000000 00000000 ................
0x022ffe00: 00000000 00000000 00000000 00000000 ................
0x022ffe10: 00000000 00000000 00000000 00000000 ................
0x022ffe20: 00000000 00000000 00000000 00000000 ................
0x022ffe30: 00000000 00000000 00000000 00000000 ................
0x022ffe40: 00000000 00000000 00000000 00000000 ................
0x022ffe50: 00000000 00000000 00000000 00000000 ................
0x022ffe60: 00000000 00000000 00000000 00000000 ................
0x022ffe70: 00000000 00000000 00000000 00000000 ................
0x022ffe80: 00000000 00000000 00000000 00000000 ................
0x022ffe90: 00000000 00000000 00000000 00000000 ................
0x022ffea0: 00000000 00000000 00000000 00000000 ................
0x022ffeb0: 00000000 00000000 00000000 00000000 ................
0x022ffec0: 00000000 00000000 00000000 00000000 ................
0x022ffed0: 00000000 00000000 00000000 00000000 ................
0x022ffee0: 00000000 00000000 00000000 00000000 ................
0x022ffef0: 00000000 00000000 00000000 00000000 ................
0x022fff00: 00000000 00000000 00000000 00000000 ................
0x022fff10: 00000000 00000000 00000000 00000000 ................
0x022fff20: 00000000 00000000 00000000 00000000 ................
0x022fff30: 00000000 00000000 00000000 00000000 ................
0x022fff40: 00000000 00000000 00000000 00000000 ................
0x022fff50: 00000000 00000000 00000000 00000000 ................
0x022fff60: 00000000 00000000 00000000 00000000 ................
0x022fff70: 00000000 00000000 00000000 00000000 ................
0x022fff80: 00000000 00000000 00000000 00000000 ................
0x022fff90: 00000000 00000000 00000000 00000000 ................
0x022fffa0: 00000000 00000000 00000000 00000000 ................
0x022fffb0: 00000000 00000000 00000000 00000000 ................
0x022fffc0: 00000000 00000000 00000000 00000000 ................
0x022fffd0: 00000000 00000000 00000000 00000000 ................
0x022fffe0: 00000000 00000000 00000000 00000000 ................
0x022ffff0: 00000000 00000000 00000000 00000000 ................

Module 1
C:\Workspace\TCPSandbox\TCPDemo\Builds\Server.exe
Image Base: 0x00c60000  Image Size: 0x01231000
File Size:  18212864    File Time:  2017-01-19_081158
Version:
   Company:    
   Product:    
   FileDesc:   
   FileVer:    5.5.1.53258
   ProdVer:    5.5.1.53258

Module 2
C:\WINDOWS\System32\DriverStore\FileRepository\nvhmwu.inf_amd64_a2527a6474fd95b3\nvwgf2um.dll
Image Base: 0x07f50000  Image Size: 0x01433000
File Size:  21012240    File Time:  2017-05-18_075106
Version:
   Company:    NVIDIA Corporation
   Product:    NVIDIA D3D10 drivers
   FileDesc:   NVIDIA D3D10 Driver, Version 382.05 
   FileVer:    22.21.13.8205
   ProdVer:    22.21.13.8205

Module 3
C:\WINDOWS\system32\nvspcap.dll
Image Base: 0x10000000  Image Size: 0x00144000
File Size:  1320120     File Time:  2015-09-09_011958
Version:
   Company:    NVIDIA Corporation
   Product:    NVIDIA GeForce Experience
   FileDesc:   NVIDIA Capture Server Proxy
   FileVer:    2.4.5.57
   ProdVer:    2.4.5.57

Module 4
C:\Workspace\TCPSandbox\TCPDemo\Builds\Server_Data\Mono\mono.dll
Image Base: 0x10000000  Image Size: 0x00231000
File Size:  2115008     File Time:  2017-01-19_082456
Version:
   Company:    Unity Technologies
   Product:    libmono
   FileDesc:   Unity Technologies fork of mono runtime
   FileVer:    1.0.0.1
   ProdVer:    1.0.0.1

Module 5
C:\WINDOWS\SYSTEM32\dxgi.dll
Image Base: 0x5c890000  Image Size: 0x0008a000
File Size:  551200      File Time:  2017-03-18_165854
Version:
   Company:    Microsoft Corporation
   Product:    Microsoft® Windows® Operating System
   FileDesc:   DirectX Graphics Infrastructure
   FileVer:    10.0.15063.0
   ProdVer:    10.0.15063.0

Module 6
C:\WINDOWS\SYSTEM32\d3d11.dll
Image Base: 0x5c920000  Image Size: 0x00252000
File Size:  2417840     File Time:  2017-03-18_165854
Version:
   Company:    Microsoft Corporation
   Product:    Microsoft® Windows® Operating System
   FileDesc:   Direct3D 11 Runtime
   FileVer:    10.0.15063.0
   ProdVer:    10.0.15063.0

Module 7
C:\WINDOWS\System32\PROPSYS.dll
Image Base: 0x60620000  Image Size: 0x00164000
File Size:  1465360     File Time:  2017-03-18_165852
Version:
   Company:    Microsoft Corporation
   Product:    Windows® Search
   FileDesc:   Microsoft Property System
   FileVer:    7.0.15063.0
   ProdVer:    7.0.15063.0

Module 8
C:\WINDOWS\SYSTEM32\CoreUIComponents.dll
Image Base: 0x65ee0000  Image Size: 0x00227000
File Size:  2259768     File Time:  2017-06-03_053516
Version:
   Company:    Microsoft Corporation
   Product:    Microsoft® Windows® Operating System
   FileDesc:   Microsoft Core UI Components Dll
   FileVer:    10.0.15063.413
   ProdVer:    10.0.15063.413

Module 9
C:\Windows\System32\uiautomationcore.dll
Image Base: 0x66e60000  Image Size: 0x00168000
File Size:  1450496     File Time:  2017-05-20_041854
Version:
   Company:    Microsoft Corporation
   Product:    Microsoft® Windows® Operating System
   FileDesc:   Microsoft UI Automation Core
   FileVer:    7.2.15063.332
   ProdVer:    10.0.15063.332

Module 10
C:\WINDOWS\SYSTEM32\AUDIOSES.DLL
Image Base: 0x67020000  Image Size: 0x000d7000
File Size:  864240      File Time:  2017-03-18_165840
Version:
   Company:    Microsoft Corporation
   Product:    Microsoft® Windows® Operating System
   FileDesc:   Audio Session
   FileVer:    10.0.15063.0
   ProdVer:    10.0.15063.0

Module 11
C:\WINDOWS\SYSTEM32\twinapi.dll
Image Base: 0x67dc0000  Image Size: 0x0006e000
File Size:  434176      File Time:  2017-03-18_165900
Version:
   Company:    Microsoft Corporation
   Product:    Microsoft® Windows® Operating System
   FileDesc:   twinapi
   FileVer:    10.0.15063.0
   ProdVer:    10.0.15063.0

Module 12
C:\WINDOWS\SYSTEM32\CoreMessaging.dll
Image Base: 0x68960000  Image Size: 0x0008f000
File Size:  583160      File Time:  2017-06-03_052012
Version:
   Company:    Microsoft Corporation
   Product:    Microsoft® Windows® Operating System
   FileDesc:   Microsoft CoreMessaging Dll
   FileVer:    10.0.15063.413
   ProdVer:    10.0.15063.413

Module 13
C:\WINDOWS\System32\MMDevApi.dll
Image Base: 0x68a10000  Image Size: 0x00059000
File Size:  354400      File Time:  2017-05-20_044314
Version:
   Company:    Microsoft Corporation
   Product:    Microsoft® Windows® Operating System
   FileDesc:   MMDevice API
   FileVer:    10.0.15063.332
   ProdVer:    10.0.15063.332

Module 14
C:\WINDOWS\SYSTEM32\usermgrcli.dll
Image Base: 0x690b0000  Image Size: 0x00010000
File Size:  55872       File Time:  2017-03-18_165850
Version:
   Company:    Microsoft Corporation
   Product:    Microsoft® Windows® Operating System
   FileDesc:   UserMgr API DLL
   FileVer:    10.0.15063.0
   ProdVer:    10.0.15063.0

Module 15
C:\WINDOWS\SYSTEM32\TextInputFramework.dll
Image Base: 0x69160000  Image Size: 0x00067000
File Size:  401920      File Time:  2017-03-18_165846
Version:
   Company:    Microsoft Corporation
   Product:    Microsoft® Windows® Operating System
   FileDesc:   "TextInputFramework.DYNLINK"
   FileVer:    10.0.15063.0
   ProdVer:    10.0.15063.0

Module 16
C:\WINDOWS\SYSTEM32\twinapi.appcore.dll
Image Base: 0x691d0000  Image Size: 0x00136000
File Size:  1266544     File Time:  2017-05-20_044700
Version:
   Company:    Microsoft Corporation
   Product:    Microsoft® Windows® Operating System
   FileDesc:   twinapi.appcore
   FileVer:    10.0.15063.332
   ProdVer:    10.0.15063.332

Module 17
C:\WINDOWS\System32\DriverStore\FileRepository\nvhmwu.inf_amd64_a2527a6474fd95b3\nvldumd.dll
Image Base: 0x69390000  Image Size: 0x000b9000
File Size:  742760      File Time:  2017-05-18_075040
Version:
   Company:    NVIDIA Corporation
   Product:    NVIDIA driver loader
   FileDesc:   NVIDIA Driver Loader, Version 382.05 
   FileVer:    22.21.13.8205
   ProdVer:    22.21.13.8205

Module 18
C:\WINDOWS\SYSTEM32\AVRT.dll
Image Base: 0x69450000  Image Size: 0x00009000
File Size:  28992       File Time:  2017-03-18_165840
Version:
   Company:    Microsoft Corporation
   Product:    Microsoft® Windows® Operating System
   FileDesc:   Multimedia Realtime Runtime
   FileVer:    10.0.15063.0
   ProdVer:    10.0.15063.0

Module 19
C:\WINDOWS\SYSTEM32\OPENGL32.dll
Image Base: 0x69550000  Image Size: 0x000df000
File Size:  776704      File Time:  2017-03-18_165852
Version:
   Company:    Microsoft Corporation
   Product:    Microsoft® Windows® Operating System
   FileDesc:   OpenGL Client DLL
   FileVer:    10.0.15063.0
   ProdVer:    10.0.15063.0

Module 20
C:\WINDOWS\system32\wbem\fastprox.dll
Image Base: 0x69700000  Image Size: 0x000c0000
File Size:  770560      File Time:  2017-03-18_165852
Version:
   Company:    Microsoft Corporation
   Product:    Microsoft® Windows® Operating System
   FileDesc:   WMI Custom Marshaller
   FileVer:    10.0.15063.0
   ProdVer:    10.0.15063.0

Module 21
C:\WINDOWS\SYSTEM32\wbemcomn.dll
Image Base: 0x697c0000  Image Size: 0x00068000
File Size:  399360      File Time:  2017-03-18_165850
Version:
   Company:    Microsoft Corporation
   Product:    Microsoft® Windows® Operating System
   FileDesc:   WMI
   FileVer:    10.0.15063.0
   ProdVer:    10.0.15063.0

Module 22
C:\WINDOWS\SYSTEM32\MSACM32.dll
Image Base: 0x6a660000  Image Size: 0x00018000
File Size:  90456       File Time:  2017-03-18_165840
Version:
   Company:    Microsoft Corporation
   Product:    Microsoft® Windows® Operating System
   FileDesc:   Microsoft ACM Audio Filter
   FileVer:    10.0.15063.0
   ProdVer:    10.0.15063.0

Module 23
C:\WINDOWS\SYSTEM32\wdmaud.drv
Image Base: 0x6a680000  Image Size: 0x00039000
File Size:  209920      File Time:  2017-03-18_165840
Version:
   Company:    Microsoft Corporation
   Product:    Microsoft® Windows® Operating System
   FileDesc:   Winmm  audio system driver
   FileVer:    10.0.15063.0
   ProdVer:    10.0.15063.0

Module 24
C:\WINDOWS\WinSxS\x86_microsoft.windows.common-controls_6595b64144ccf1df_6.0.15063.0_none_583b8639f462029f\comctl32.dll
Image Base: 0x6a6c0000  Image Size: 0x0020e000
File Size:  2139040     File Time:  2017-03-18_165900
Version:
   Company:    Microsoft Corporation
   Product:    Microsoft® Windows® Operating System
   FileDesc:   User Experience Controls Library
   FileVer:    6.10.15063.0
   ProdVer:    10.0.15063.0

Module 25
C:\WINDOWS\system32\dwmapi.dll
Image Base: 0x6d030000  Image Size: 0x00023000
File Size:  125344      File Time:  2017-03-18_165900
Version:
   Company:    Microsoft Corporation
   Product:    Microsoft® Windows® Operating System
   FileDesc:   Microsoft Desktop Window Manager API
   FileVer:    10.0.15063.0
   ProdVer:    10.0.15063.0

Module 26
C:\WINDOWS\SYSTEM32\GLU32.dll
Image Base: 0x6d0a0000  Image Size: 0x00025000
File Size:  138240      File Time:  2017-03-18_165852
Version:
   Company:    Microsoft Corporation
   Product:    Microsoft® Windows® Operating System
   FileDesc:   OpenGL Utility Library DLL
   FileVer:    10.0.15063.0
   ProdVer:    10.0.15063.0

Module 27
C:\WINDOWS\SYSTEM32\wintypes.dll
Image Base: 0x6d100000  Image Size: 0x000d1000
File Size:  856416      File Time:  2017-03-18_165850
Version:
   Company:    Microsoft Corporation
   Product:    Microsoft® Windows® Operating System
   FileDesc:   Windows Base Types DLL
   FileVer:    10.0.15063.0
   ProdVer:    10.0.15063.0

Module 28
C:\WINDOWS\SYSTEM32\xinput9_1_0.dll
Image Base: 0x6d1e0000  Image Size: 0x00007000
File Size:  9216        File Time:  2017-03-18_165856
Version:
   Company:    Microsoft Corporation
   Product:    Microsoft® Windows® Operating System
   FileDesc:   XNA Common Controller
   FileVer:    10.0.15063.0
   ProdVer:    10.0.15063.0

Module 29
C:\WINDOWS\SYSTEM32\sxs.dll
Image Base: 0x6d230000  Image Size: 0x00086000
File Size:  542936      File Time:  2017-03-18_165842
Version:
   Company:    Microsoft Corporation
   Product:    Microsoft® Windows® Operating System
   FileDesc:   Fusion 2.5
   FileVer:    10.0.15063.0
   ProdVer:    10.0.15063.0

Module 30
C:\Windows\System32\rasadhlp.dll
Image Base: 0x6f410000  Image Size: 0x00008000
File Size:  12800       File Time:  2017-03-18_165846
Version:
   Company:    Microsoft Corporation
   Product:    Microsoft® Windows® Operating System
   FileDesc:   Remote Access AutoDial Helper
   FileVer:    10.0.15063.0
   ProdVer:    10.0.15063.0

Module 31
C:\Program Files (x86)\Bonjour\mdnsNSP.dll
Image Base: 0x6f420000  Image Size: 0x00021000
File Size:  121704      File Time:  2011-08-31_030502
Version:
   Company:    Apple Inc.
   Product:    Bonjour
   FileDesc:   Bonjour Namespace Provider
   FileVer:    3.0.0.10
   ProdVer:    3.0.0.10

Module 32
C:\WINDOWS\SYSTEM32\midimap.dll
Image Base: 0x6f450000  Image Size: 0x00008000
File Size:  18944       File Time:  2017-03-18_165846
Version:
   Company:    Microsoft Corporation
   Product:    Microsoft® Windows® Operating System
   FileDesc:   Microsoft MIDI Mapper
   FileVer:    10.0.15063.0
   ProdVer:    10.0.15063.0

Module 33
C:\WINDOWS\SYSTEM32\msacm32.drv
Image Base: 0x6f580000  Image Size: 0x0000a000
File Size:  24576       File Time:  2017-03-18_165846
Version:
   Company:    Microsoft Corporation
   Product:    Microsoft® Windows® Operating System
   FileDesc:   Microsoft Sound Mapper
   FileVer:    10.0.15063.0
   ProdVer:    10.0.15063.0

Module 34
C:\WINDOWS\SYSTEM32\dhcpcsvc.DLL
Image Base: 0x6f590000  Image Size: 0x00014000
File Size:  62976       File Time:  2017-03-18_165846
Version:
   Company:    Microsoft Corporation
   Product:    Microsoft® Windows® Operating System
   FileDesc:   DHCP Client Service
   FileVer:    10.0.15063.0
   ProdVer:    10.0.15063.0

Module 35
C:\WINDOWS\SYSTEM32\HID.DLL
Image Base: 0x6f650000  Image Size: 0x0000a000
File Size:  25600       File Time:  2017-03-18_165850
Version:
   Company:    Microsoft Corporation
   Product:    Microsoft® Windows® Operating System
   FileDesc:   Hid User Library
   FileVer:    10.0.15063.0
   ProdVer:    10.0.15063.0

Module 36
C:\Windows\System32\OLEACC.dll
Image Base: 0x6f660000  Image Size: 0x00056000
File Size:  331776      File Time:  2017-03-18_165900
Version:
   Company:    Microsoft Corporation
   Product:    Microsoft® Windows® Operating System
   FileDesc:   Active Accessibility Core Component
   FileVer:    7.2.15063.0
   ProdVer:    10.0.15063.0

Module 37
C:\WINDOWS\SYSTEM32\dhcpcsvc6.DLL
Image Base: 0x6f6c0000  Image Size: 0x00013000
File Size:  57344       File Time:  2017-03-18_165846
Version:
   Company:    Microsoft Corporation
   Product:    Microsoft® Windows® Operating System
   FileDesc:   DHCPv6 Client
   FileVer:    10.0.15063.0
   ProdVer:    10.0.15063.0

Module 38
C:\WINDOWS\SYSTEM32\ntmarta.dll
Image Base: 0x6fb50000  Image Size: 0x00028000
File Size:  152440      File Time:  2017-03-18_165852
Version:
   Company:    Microsoft Corporation
   Product:    Microsoft® Windows® Operating System
   FileDesc:   Windows NT MARTA provider
   FileVer:    10.0.15063.0
   ProdVer:    10.0.15063.0

Module 39
C:\WINDOWS\System32\fwpuclnt.dll
Image Base: 0x709c0000  Image Size: 0x0004a000
File Size:  285184      File Time:  2017-03-18_165850
Version:
   Company:    Microsoft Corporation
   Product:    Microsoft® Windows® Operating System
   FileDesc:   FWP/IPsec User-Mode API
   FileVer:    10.0.15063.0
   ProdVer:    10.0.15063.0

Module 40
C:\WINDOWS\system32\wbem\wbemsvc.dll
Image Base: 0x71180000  Image Size: 0x00010000
File Size:  48640       File Time:  2017-03-18_165850
Version:
   Company:    Microsoft Corporation
   Product:    Microsoft® Windows® Operating System
   FileDesc:   WMI
   FileVer:    10.0.15063.0
   ProdVer:    10.0.15063.0

Module 41
C:\WINDOWS\System32\DEVOBJ.dll
Image Base: 0x71280000  Image Size: 0x00022000
File Size:  131784      File Time:  2017-03-18_165850
Version:
   Company:    Microsoft Corporation
   Product:    Microsoft® Windows® Operating System
   FileDesc:   Device Information Set DLL
   FileVer:    10.0.15063.0
   ProdVer:    10.0.15063.0

Module 42
C:\WINDOWS\SYSTEM32\MSWSOCK.dll
Image Base: 0x71500000  Image Size: 0x0004e000
File Size:  305568      File Time:  2017-03-18_165846
Version:
   Company:    Microsoft Corporation
   Product:    Microsoft® Windows® Operating System
   FileDesc:   Microsoft Windows Sockets 2.0 Service Provider
   FileVer:    10.0.15063.0
   ProdVer:    10.0.15063.0

Module 43
C:\WINDOWS\SYSTEM32\WINMMBASE.dll
Image Base: 0x71850000  Image Size: 0x00023000
File Size:  129736      File Time:  2017-03-18_165846
Version:
   Company:    Microsoft Corporation
   Product:    Microsoft® Windows® Operating System
   FileDesc:   Base Multimedia Extension API DLL
   FileVer:    10.0.15063.0
   ProdVer:    10.0.15063.0

Module 44
C:\WINDOWS\system32\wbem\wbemprox.dll
Image Base: 0x71a60000  Image Size: 0x0000d000
File Size:  35840       File Time:  2017-03-18_165850
Version:
   Company:    Microsoft Corporation
   Product:    Microsoft® Windows® Operating System
   FileDesc:   WMI
   FileVer:    10.0.15063.0
   ProdVer:    10.0.15063.0

Module 45
C:\WINDOWS\SYSTEM32\WINMM.dll
Image Base: 0x71a70000  Image Size: 0x00024000
File Size:  135440      File Time:  2017-03-18_165846
Version:
   Company:    Microsoft Corporation
   Product:    Microsoft® Windows® Operating System
   FileDesc:   MCI API DLL
   FileVer:    10.0.15063.0
   ProdVer:    10.0.15063.0

Module 46
C:\WINDOWS\system32\uxtheme.dll
Image Base: 0x72100000  Image Size: 0x00078000
File Size:  474112      File Time:  2017-03-18_165858
Version:
   Company:    Microsoft Corporation
   Product:    Microsoft® Windows® Operating System
   FileDesc:   Microsoft UxTheme Library
   FileVer:    10.0.15063.0
   ProdVer:    10.0.15063.0

Module 47
C:\WINDOWS\System32\wshbth.dll
Image Base: 0x72310000  Image Size: 0x00010000
File Size:  50688       File Time:  2017-03-18_165848
Version:
   Company:    Microsoft Corporation
   Product:    Microsoft® Windows® Operating System
   FileDesc:   Windows Sockets Helper DLL
   FileVer:    10.0.15063.0
   ProdVer:    10.0.15063.0

Module 48
C:\WINDOWS\System32\winrnr.dll
Image Base: 0x72320000  Image Size: 0x0000b000
File Size:  23040       File Time:  2017-03-18_165844
Version:
   Company:    Microsoft Corporation
   Product:    Microsoft® Windows® Operating System
   FileDesc:   LDAP RnR Provider DLL
   FileVer:    10.0.15063.0
   ProdVer:    10.0.15063.0

Module 49
C:\WINDOWS\system32\NLAapi.dll
Image Base: 0x72330000  Image Size: 0x00013000
File Size:  63488       File Time:  2017-03-18_165850
Version:
   Company:    Microsoft Corporation
   Product:    Microsoft® Windows® Operating System
   FileDesc:   Network Location Awareness 2
   FileVer:    10.0.15063.0
   ProdVer:    10.0.15063.0

Module 50
C:\WINDOWS\system32\pnrpnsp.dll
Image Base: 0x72350000  Image Size: 0x00016000
File Size:  70144       File Time:  2017-03-18_165952
Version:
   Company:    Microsoft Corporation
   Product:    Microsoft® Windows® Operating System
   FileDesc:   PNRP Name Space Provider
   FileVer:    10.0.15063.0
   ProdVer:    10.0.15063.0

Module 51
C:\WINDOWS\system32\napinsp.dll
Image Base: 0x72370000  Image Size: 0x00011000
File Size:  54784       File Time:  2017-03-18_165846
Version:
   Company:    Microsoft Corporation
   Product:    Microsoft® Windows® Operating System
   FileDesc:   E-mail Naming Shim Provider
   FileVer:    10.0.15063.0
   ProdVer:    10.0.15063.0

Module 52
C:\WINDOWS\SYSTEM32\ksuser.dll
Image Base: 0x72ae0000  Image Size: 0x00007000
File Size:  20216       File Time:  2017-03-18_165840
Version:
   Company:    Microsoft Corporation
   Product:    Microsoft® Windows® Operating System
   FileDesc:   User CSA Library
   FileVer:    10.0.15063.0
   ProdVer:    10.0.15063.0

Module 53
C:\Program Files (x86)\Common Files\Microsoft Shared\Ink\tiptsf.dll
Image Base: 0x72bf0000  Image Size: 0x00080000
File Size:  515488      File Time:  2017-03-18_223112
Version:
   Company:    Microsoft Corporation
   Product:    Microsoft® Windows® Operating System
   FileDesc:   Touch Keyboard and Handwriting Panel Text Services Framework
   FileVer:    10.0.15063.0
   ProdVer:    10.0.15063.0

Module 54
C:\WINDOWS\SYSTEM32\bcrypt.dll
Image Base: 0x73a50000  Image Size: 0x00018000
File Size:  93536       File Time:  2017-03-18_165848
Version:
   Company:    Microsoft Corporation
   Product:    Microsoft® Windows® Operating System
   FileDesc:   Windows Cryptographic Primitives Library
   FileVer:    10.0.15063.0
   ProdVer:    10.0.15063.0

Module 55
C:\WINDOWS\system32\rsaenh.dll
Image Base: 0x73a70000  Image Size: 0x0002f000
File Size:  183448      File Time:  2017-03-18_165848
Version:
   Company:    Microsoft Corporation
   Product:    Microsoft® Windows® Operating System
   FileDesc:   Microsoft Enhanced Cryptographic Provider
   FileVer:    10.0.15063.0
   ProdVer:    10.0.15063.0

Module 56
C:\WINDOWS\SYSTEM32\CRYPTSP.dll
Image Base: 0x73aa0000  Image Size: 0x00013000
File Size:  67760       File Time:  2017-03-18_165850
Version:
   Company:    Microsoft Corporation
   Product:    Microsoft® Windows® Operating System
   FileDesc:   Cryptographic Service Provider API
   FileVer:    10.0.15063.0
   ProdVer:    10.0.15063.0

Module 57
C:\WINDOWS\SYSTEM32\dbghelp.dll
Image Base: 0x73ba0000  Image Size: 0x0015d000
File Size:  1285120     File Time:  2017-05-31_021222
Version:
   Company:    Microsoft Corporation
   Product:    Microsoft® Windows® Operating System
   FileDesc:   Windows Image Helper
   FileVer:    10.0.15063.250
   ProdVer:    10.0.15063.250

Module 58
C:\WINDOWS\SYSTEM32\IPHLPAPI.DLL
Image Base: 0x73fd0000  Image Size: 0x0002f000
File Size:  187544      File Time:  2017-03-18_165846
Version:
   Company:    Microsoft Corporation
   Product:    Microsoft® Windows® Operating System
   FileDesc:   IP Helper API
   FileVer:    10.0.15063.0
   ProdVer:    10.0.15063.0

Module 59
C:\WINDOWS\SYSTEM32\WINHTTP.dll
Image Base: 0x74000000  Image Size: 0x000ad000
File Size:  703576      File Time:  2017-03-18_165850
Version:
   Company:    Microsoft Corporation
   Product:    Microsoft® Windows® Operating System
   FileDesc:   Windows HTTP Services
   FileVer:    10.0.15063.0
   ProdVer:    10.0.15063.0

Module 60
C:\WINDOWS\SYSTEM32\DNSAPI.dll
Image Base: 0x740b0000  Image Size: 0x0007f000
File Size:  508344      File Time:  2017-03-18_165846
Version:
   Company:    Microsoft Corporation
   Product:    Microsoft® Windows® Operating System
   FileDesc:   DNS Client API DLL
   FileVer:    10.0.15063.0
   ProdVer:    10.0.15063.0

Module 61
C:\WINDOWS\SYSTEM32\VERSION.dll
Image Base: 0x74130000  Image Size: 0x00008000
File Size:  27424       File Time:  2017-03-18_165900
Version:
   Company:    Microsoft Corporation
   Product:    Microsoft® Windows® Operating System
   FileDesc:   Version Checking and File Installation Libraries
   FileVer:    10.0.15063.0
   ProdVer:    10.0.15063.0

Module 62
C:\WINDOWS\System32\CRYPTBASE.dll
Image Base: 0x74810000  Image Size: 0x0000a000
File Size:  31592       File Time:  2017-03-18_165846
Version:
   Company:    Microsoft Corporation
   Product:    Microsoft® Windows® Operating System
   FileDesc:   Base cryptographic API DLL
   FileVer:    10.0.15063.0
   ProdVer:    10.0.15063.0

Module 63
C:\WINDOWS\System32\SspiCli.dll
Image Base: 0x74820000  Image Size: 0x00020000
File Size:  124544      File Time:  2017-03-18_165846
Version:
   Company:    Microsoft Corporation
   Product:    Microsoft® Windows® Operating System
   FileDesc:   Security Support Provider Interface
   FileVer:    10.0.15063.0
   ProdVer:    10.0.15063.0

Module 64
C:\WINDOWS\System32\crypt32.dll
Image Base: 0x74840000  Image Size: 0x0017d000
File Size:  1557288     File Time:  2017-05-31_021222
Version:
   Company:    Microsoft Corporation
   Product:    Microsoft® Windows® Operating System
   FileDesc:   Crypto API32
   FileVer:    10.0.15063.296
   ProdVer:    10.0.15063.296

Module 65
C:\WINDOWS\System32\OLEAUT32.dll
Image Base: 0x749c0000  Image Size: 0x00096000
File Size:  606960      File Time:  2017-05-20_045514
Version:
   Company:    Microsoft Corporation
   Product:    Microsoft® Windows® Operating System
   FileDesc:   OLEAUT32.DLL
   FileVer:    10.0.15063.332
   ProdVer:    10.0.15063.332

Module 66
C:\WINDOWS\System32\kernel.appcore.dll
Image Base: 0x74a70000  Image Size: 0x0000e000
File Size:  47096       File Time:  2017-03-18_165848
Version:
   Company:    Microsoft Corporation
   Product:    Microsoft® Windows® Operating System
   FileDesc:   AppModel API Host
   FileVer:    10.0.15063.0
   ProdVer:    10.0.15063.0

Module 67
C:\WINDOWS\System32\WS2_32.dll
Image Base: 0x74a80000  Image Size: 0x00067000
File Size:  415864      File Time:  2017-03-18_165846
Version:
   Company:    Microsoft Corporation
   Product:    Microsoft® Windows® Operating System
   FileDesc:   Windows Socket 2.0 32-Bit DLL
   FileVer:    10.0.15063.0
   ProdVer:    10.0.15063.0

Module 68
C:\WINDOWS\System32\combase.dll
Image Base: 0x74af0000  Image Size: 0x00238000
File Size:  2330520     File Time:  2017-05-31_021222
Version:
   Company:    Microsoft Corporation
   Product:    Microsoft® Windows® Operating System
   FileDesc:   Microsoft COM for Windows
   FileVer:    10.0.15063.296
   ProdVer:    10.0.15063.296

Module 69
C:\WINDOWS\System32\GDI32.dll
Image Base: 0x74d30000  Image Size: 0x00021000
File Size:  129184      File Time:  2017-03-18_165856
Version:
   Company:    Microsoft Corporation
   Product:    Microsoft® Windows® Operating System
   FileDesc:   GDI Client DLL
   FileVer:    10.0.15063.0
   ProdVer:    10.0.15063.0

Module 70
C:\WINDOWS\System32\PSAPI.DLL
Image Base: 0x74e10000  Image Size: 0x00006000
File Size:  17112       File Time:  2017-03-18_165840
Version:
   Company:    Microsoft Corporation
   Product:    Microsoft® Windows® Operating System
   FileDesc:   Process Status Helper
   FileVer:    10.0.15063.0
   ProdVer:    10.0.15063.0

Module 71
C:\WINDOWS\System32\cfgmgr32.dll
Image Base: 0x74e20000  Image Size: 0x00039000
File Size:  226816      File Time:  2017-03-18_165850
Version:
   Company:    Microsoft Corporation
   Product:    Microsoft® Windows® Operating System
   FileDesc:   Configuration Manager DLL
   FileVer:    10.0.15063.0
   ProdVer:    10.0.15063.0

Module 72
C:\WINDOWS\System32\SETUPAPI.dll
Image Base: 0x74f40000  Image Size: 0x0041a000
File Size:  4330920     File Time:  2017-03-18_165840
Version:
   Company:    Microsoft Corporation
   Product:    Microsoft® Windows® Operating System
   FileDesc:   Windows Setup API
   FileVer:    10.0.15063.0
   ProdVer:    10.0.15063.0

Module 73
C:\WINDOWS\System32\gdi32full.dll
Image Base: 0x75360000  Image Size: 0x00158000
File Size:  1409048     File Time:  2017-06-03_055918
Version:
   Company:    Microsoft Corporation
   Product:    Microsoft® Windows® Operating System
   FileDesc:   GDI Client DLL
   FileVer:    10.0.15063.413
   ProdVer:    10.0.15063.413

Module 74
C:\WINDOWS\System32\ADVAPI32.dll
Image Base: 0x754c0000  Image Size: 0x00077000
File Size:  480920      File Time:  2017-03-18_165840
Version:
   Company:    Microsoft Corporation
   Product:    Microsoft® Windows® Operating System
   FileDesc:   Advanced Windows 32 Base API
   FileVer:    10.0.15063.0
   ProdVer:    10.0.15063.0

Module 75
C:\WINDOWS\System32\profapi.dll
Image Base: 0x75540000  Image Size: 0x00010000
File Size:  59456       File Time:  2017-03-18_165846
Version:
   Company:    Microsoft Corporation
   Product:    Microsoft® Windows® Operating System
   FileDesc:   User Profile Basic API
   FileVer:    10.0.15063.0
   ProdVer:    10.0.15063.0

Module 76
C:\WINDOWS\System32\NSI.dll
Image Base: 0x75550000  Image Size: 0x00007000
File Size:  20216       File Time:  2017-03-18_165736
Version:
   Company:    Microsoft Corporation
   Product:    Microsoft® Windows® Operating System
   FileDesc:   NSI User-mode interface DLL
   FileVer:    10.0.15063.0
   ProdVer:    10.0.15063.0

Module 77
C:\WINDOWS\System32\ole32.dll
Image Base: 0x75560000  Image Size: 0x000f3000
File Size:  988168      File Time:  2017-05-31_021224
Version:
   Company:    Microsoft Corporation
   Product:    Microsoft® Windows® Operating System
   FileDesc:   Microsoft OLE for Windows
   FileVer:    10.0.15063.296
   ProdVer:    10.0.15063.296

Module 78
C:\WINDOWS\System32\powrprof.dll
Image Base: 0x75660000  Image Size: 0x00045000
File Size:  276400      File Time:  2017-03-18_165850
Version:
   Company:    Microsoft Corporation
   Product:    Microsoft® Windows® Operating System
   FileDesc:   Power Profile Helper DLL
   FileVer:    10.0.15063.0
   ProdVer:    10.0.15063.0

Module 79
C:\WINDOWS\System32\KERNELBASE.dll
Image Base: 0x756b0000  Image Size: 0x001c2000
File Size:  1839872     File Time:  2017-05-31_021222
Version:
   Company:    Microsoft Corporation
   Product:    Microsoft® Windows® Operating System
   FileDesc:   Windows NT BASE API Client DLL
   FileVer:    10.0.15063.296
   ProdVer:    10.0.15063.296

Module 80
C:\WINDOWS\System32\MSASN1.dll
Image Base: 0x75880000  Image Size: 0x0000e000
File Size:  49656       File Time:  2017-03-18_165848
Version:
   Company:    Microsoft Corporation
   Product:    Microsoft® Windows® Operating System
   FileDesc:   ASN.1 Runtime APIs
   FileVer:    10.0.15063.0
   ProdVer:    10.0.15063.0

Module 81
C:\WINDOWS\System32\sechost.dll
Image Base: 0x75890000  Image Size: 0x00041000
File Size:  257792      File Time:  2017-03-18_165846
Version:
   Company:    Microsoft Corporation
   Product:    Microsoft® Windows® Operating System
   FileDesc:   Host for SCM/SDDL/LSA Lookup APIs
   FileVer:    10.0.15063.0
   ProdVer:    10.0.15063.0

Module 82
C:\WINDOWS\System32\MSCTF.dll
Image Base: 0x758e0000  Image Size: 0x00146000
File Size:  1333136     File Time:  2017-05-20_051332
Version:
   Company:    Microsoft Corporation
   Product:    Microsoft® Windows® Operating System
   FileDesc:   MSCTF Server DLL
   FileVer:    10.0.15063.332
   ProdVer:    10.0.15063.332

Module 83
C:\WINDOWS\System32\SHELL32.dll
Image Base: 0x75ac0000  Image Size: 0x01348000
File Size:  20373920    File Time:  2017-06-03_052328
Version:
   Company:    Microsoft Corporation
   Product:    Microsoft® Windows® Operating System
   FileDesc:   Windows Shell Common Dll
   FileVer:    10.0.15063.413
   ProdVer:    10.0.15063.413

Module 84
C:\WINDOWS\System32\bcryptPrimitives.dll
Image Base: 0x76e10000  Image Size: 0x00057000
File Size:  354360      File Time:  2017-05-31_021222
Version:
   Company:    Microsoft Corporation
   Product:    Microsoft® Windows® Operating System
   FileDesc:   Windows Cryptographic Primitives Library
   FileVer:    10.0.15063.138
   ProdVer:    10.0.15063.138

Module 85
C:\WINDOWS\System32\shcore.dll
Image Base: 0x76e70000  Image Size: 0x0008c000
File Size:  569264      File Time:  2017-03-18_165856
Version:
   Company:    Microsoft Corporation
   Product:    Microsoft® Windows® Operating System
   FileDesc:   SHCORE
   FileVer:    10.0.15063.0
   ProdVer:    10.0.15063.0

Module 86
C:\WINDOWS\System32\msvcrt.dll
Image Base: 0x76f00000  Image Size: 0x000bd000
File Size:  769608      File Time:  2017-03-18_165846
Version:
   Company:    Microsoft Corporation
   Product:    Microsoft® Windows® Operating System
   FileDesc:   Windows NT CRT DLL
   FileVer:    7.0.15063.0
   ProdVer:    10.0.15063.0

Module 87
C:\WINDOWS\System32\win32u.dll
Image Base: 0x76fc0000  Image Size: 0x00016000
File Size:  81176       File Time:  2017-03-18_165900
Version:
   Company:    Microsoft Corporation
   Product:    Microsoft® Windows® Operating System
   FileDesc:   Win32u
   FileVer:    10.0.15063.0
   ProdVer:    10.0.15063.0

Module 88
C:\WINDOWS\System32\windows.storage.dll
Image Base: 0x76fe0000  Image Size: 0x00584000
File Size:  5821496     File Time:  2017-05-20_044700
Version:
   Company:    Microsoft Corporation
   Product:    Microsoft® Windows® Operating System
   FileDesc:   Microsoft WinRT Storage API
   FileVer:    10.0.15063.332
   ProdVer:    10.0.15063.332

Module 89
C:\WINDOWS\System32\SHLWAPI.dll
Image Base: 0x77570000  Image Size: 0x00045000
File Size:  277432      File Time:  2017-03-18_165858
Version:
   Company:    Microsoft Corporation
   Product:    Microsoft® Windows® Operating System
   FileDesc:   Shell Light-weight Utility Library
   FileVer:    10.0.15063.0
   ProdVer:    10.0.15063.0

Module 90
C:\WINDOWS\System32\KERNEL32.DLL
Image Base: 0x775c0000  Image Size: 0x000d0000
File Size:  599576      File Time:  2017-05-31_021224
Version:
   Company:    Microsoft Corporation
   Product:    Microsoft® Windows® Operating System
   FileDesc:   Windows NT BASE API Client DLL
   FileVer:    10.0.15063.296
   ProdVer:    10.0.15063.296

Module 91
C:\WINDOWS\System32\clbcatq.dll
Image Base: 0x77690000  Image Size: 0x00083000
File Size:  521728      File Time:  2017-03-18_165842
Version:
   Company:    Microsoft Corporation
   Product:    Microsoft® Windows® Operating System
   FileDesc:   COM+ Configuration Catalog
   FileVer:    2001.12.10941.16384
   ProdVer:    10.0.15063.0

Module 92
C:\WINDOWS\System32\ucrtbase.dll
Image Base: 0x77720000  Image Size: 0x00118000
File Size:  1150784     File Time:  2017-06-03_053634
Version:
   Company:    Microsoft Corporation
   Product:    Microsoft® Windows® Operating System
   FileDesc:   Microsoft® C Runtime Library
   FileVer:    10.0.15063.413
   ProdVer:    10.0.15063.413

Module 93
C:\WINDOWS\System32\USER32.dll
Image Base: 0x77840000  Image Size: 0x0013c000
File Size:  1292872     File Time:  2017-03-18_165902
Version:
   Company:    Microsoft Corporation
   Product:    Microsoft® Windows® Operating System
   FileDesc:   Multi-User Windows USER API Client DLL
   FileVer:    10.0.15063.0
   ProdVer:    10.0.15063.0

Module 94
C:\WINDOWS\System32\RPCRT4.dll
Image Base: 0x77980000  Image Size: 0x000c0000
File Size:  787712      File Time:  2017-03-18_165846
Version:
   Company:    Microsoft Corporation
   Product:    Microsoft® Windows® Operating System
   FileDesc:   Remote Procedure Call Runtime
   FileVer:    10.0.15063.0
   ProdVer:    10.0.15063.0

Module 95
C:\WINDOWS\System32\IMM32.dll
Image Base: 0x77a40000  Image Size: 0x00025000
File Size:  143672      File Time:  2017-03-18_165902
Version:
   Company:    Microsoft Corporation
   Product:    Microsoft® Windows® Operating System
   FileDesc:   Multi-User Windows IMM32 API Client DLL
   FileVer:    10.0.15063.0
   ProdVer:    10.0.15063.0

Module 96
C:\WINDOWS\System32\msvcp_win.dll
Image Base: 0x77a70000  Image Size: 0x00079000
File Size:  491232      File Time:  2017-03-18_165846
Version:
   Company:    Microsoft Corporation
   Product:    Microsoft® Windows® Operating System
   FileDesc:   Microsoft® C Runtime Library
   FileVer:    10.0.15063.0
   ProdVer:    10.0.15063.0

Module 97
C:\WINDOWS\SYSTEM32\ntdll.dll
Image Base: 0x77d50000  Image Size: 0x0018e000
File Size:  1620368     File Time:  2017-03-18_165846
Version:
   Company:    Microsoft Corporation
   Product:    Microsoft® Windows® Operating System
   FileDesc:   NT Layer DLL
   FileVer:    10.0.15063.0
   ProdVer:    10.0.15063.0


== [end of error.log] ==
